<?xml version="1.0" encoding="UTF-8"?>
<!-- Generated by org.testng.reporters.JUnitReportReporter -->
<testsuite skipped="0" hostname="DESKTOP-01THEB1" name="com.craftsvilla.testscripts.SignInScripts" tests="1" failures="0" timestamp="10 Jun 2018 18:17:38 GMT" time="44.706" errors="0">
  <testcase name="registerUser" time="44.706" classname="com.craftsvilla.testscripts.SignInScripts"/>
</testsuite> <!-- com.craftsvilla.testscripts.SignInScripts -->
