<?xml version="1.0" encoding="UTF-8"?>
<!-- Generated by org.testng.reporters.JUnitReportReporter -->
<testsuite skipped="0" hostname="DESKTOP-01THEB1" name="com.craftsvilla.testscripts.KundanJewelleryScripts" tests="1" failures="0" timestamp="10 Jun 2018 17:03:10 GMT" time="31.227" errors="0">
  <testcase name="TC_01_BuyKundanJewellery" time="31.227" classname="com.craftsvilla.testscripts.KundanJewelleryScripts"/>
</testsuite> <!-- com.craftsvilla.testscripts.KundanJewelleryScripts -->
